<?xml version="1.0" encoding="UTF-8"?>
<testsuites>
  <testsuite name="C:\Users\m.shahriari\Desktop\bookstore\tests\Feature" tests="24" assertions="71" errors="0" warnings="0" failures="0" skipped="0" time="2.817340">
    <testsuite name="Tests\Feature\BookPostTest" file="C:\Users\m.shahriari\Desktop\bookstore\tests\Feature\BookPostTest.php" tests="24" assertions="71" errors="0" warnings="0" failures="0" skipped="0" time="2.817340">
      <testcase name="testDenyGuestAccess" class="Tests\Feature\BookPostTest" classname="Tests.Feature.BookPostTest" file="C:\Users\m.shahriari\Desktop\bookstore\tests\Feature\BookPostTest.php" line="13" assertions="1" time="0.799794"/>
      <testcase name="testDenyNonAdminUserAccess" class="Tests\Feature\BookPostTest" classname="Tests.Feature.BookPostTest" file="C:\Users\m.shahriari\Desktop\bookstore\tests\Feature\BookPostTest.php" line="27" assertions="1" time="0.084773"/>
      <testcase name="testSuccessfulPost" class="Tests\Feature\BookPostTest" classname="Tests.Feature.BookPostTest" file="C:\Users\m.shahriari\Desktop\bookstore\tests\Feature\BookPostTest.php" line="44" assertions="6" time="0.113748"/>
      <testsuite name="Tests\Feature\BookPostTest::testValidation" tests="21" assertions="63" errors="0" warnings="0" failures="0" skipped="0" time="1.819025">
        <testcase name="testValidation with data set #0" class="Tests\Feature\BookPostTest" classname="Tests.Feature.BookPostTest" file="C:\Users\m.shahriari\Desktop\bookstore\tests\Feature\BookPostTest.php" line="72" assertions="3" time="0.084258"/>
        <testcase name="testValidation with data set #1" class="Tests\Feature\BookPostTest" classname="Tests.Feature.BookPostTest" file="C:\Users\m.shahriari\Desktop\bookstore\tests\Feature\BookPostTest.php" line="72" assertions="3" time="0.081278"/>
        <testcase name="testValidation with data set #2" class="Tests\Feature\BookPostTest" classname="Tests.Feature.BookPostTest" file="C:\Users\m.shahriari\Desktop\bookstore\tests\Feature\BookPostTest.php" line="72" assertions="3" time="0.086076"/>
        <testcase name="testValidation with data set #3" class="Tests\Feature\BookPostTest" classname="Tests.Feature.BookPostTest" file="C:\Users\m.shahriari\Desktop\bookstore\tests\Feature\BookPostTest.php" line="72" assertions="3" time="0.094299"/>
        <testcase name="testValidation with data set #4" class="Tests\Feature\BookPostTest" classname="Tests.Feature.BookPostTest" file="C:\Users\m.shahriari\Desktop\bookstore\tests\Feature\BookPostTest.php" line="72" assertions="3" time="0.081208"/>
        <testcase name="testValidation with data set #5" class="Tests\Feature\BookPostTest" classname="Tests.Feature.BookPostTest" file="C:\Users\m.shahriari\Desktop\bookstore\tests\Feature\BookPostTest.php" line="72" assertions="3" time="0.080984"/>
        <testcase name="testValidation with data set #6" class="Tests\Feature\BookPostTest" classname="Tests.Feature.BookPostTest" file="C:\Users\m.shahriari\Desktop\bookstore\tests\Feature\BookPostTest.php" line="72" assertions="3" time="0.090072"/>
        <testcase name="testValidation with data set #7" class="Tests\Feature\BookPostTest" classname="Tests.Feature.BookPostTest" file="C:\Users\m.shahriari\Desktop\bookstore\tests\Feature\BookPostTest.php" line="72" assertions="3" time="0.115300"/>
        <testcase name="testValidation with data set #8" class="Tests\Feature\BookPostTest" classname="Tests.Feature.BookPostTest" file="C:\Users\m.shahriari\Desktop\bookstore\tests\Feature\BookPostTest.php" line="72" assertions="3" time="0.086063"/>
        <testcase name="testValidation with data set #9" class="Tests\Feature\BookPostTest" classname="Tests.Feature.BookPostTest" file="C:\Users\m.shahriari\Desktop\bookstore\tests\Feature\BookPostTest.php" line="72" assertions="3" time="0.080494"/>
        <testcase name="testValidation with data set #10" class="Tests\Feature\BookPostTest" classname="Tests.Feature.BookPostTest" file="C:\Users\m.shahriari\Desktop\bookstore\tests\Feature\BookPostTest.php" line="72" assertions="3" time="0.080248"/>
        <testcase name="testValidation with data set #11" class="Tests\Feature\BookPostTest" classname="Tests.Feature.BookPostTest" file="C:\Users\m.shahriari\Desktop\bookstore\tests\Feature\BookPostTest.php" line="72" assertions="3" time="0.080004"/>
        <testcase name="testValidation with data set #12" class="Tests\Feature\BookPostTest" classname="Tests.Feature.BookPostTest" file="C:\Users\m.shahriari\Desktop\bookstore\tests\Feature\BookPostTest.php" line="72" assertions="3" time="0.082554"/>
        <testcase name="testValidation with data set #13" class="Tests\Feature\BookPostTest" classname="Tests.Feature.BookPostTest" file="C:\Users\m.shahriari\Desktop\bookstore\tests\Feature\BookPostTest.php" line="72" assertions="3" time="0.092543"/>
        <testcase name="testValidation with data set #14" class="Tests\Feature\BookPostTest" classname="Tests.Feature.BookPostTest" file="C:\Users\m.shahriari\Desktop\bookstore\tests\Feature\BookPostTest.php" line="72" assertions="3" time="0.091166"/>
        <testcase name="testValidation with data set #15" class="Tests\Feature\BookPostTest" classname="Tests.Feature.BookPostTest" file="C:\Users\m.shahriari\Desktop\bookstore\tests\Feature\BookPostTest.php" line="72" assertions="3" time="0.094006"/>
        <testcase name="testValidation with data set #16" class="Tests\Feature\BookPostTest" classname="Tests.Feature.BookPostTest" file="C:\Users\m.shahriari\Desktop\bookstore\tests\Feature\BookPostTest.php" line="72" assertions="3" time="0.087457"/>
        <testcase name="testValidation with data set #17" class="Tests\Feature\BookPostTest" classname="Tests.Feature.BookPostTest" file="C:\Users\m.shahriari\Desktop\bookstore\tests\Feature\BookPostTest.php" line="72" assertions="3" time="0.082327"/>
        <testcase name="testValidation with data set #18" class="Tests\Feature\BookPostTest" classname="Tests.Feature.BookPostTest" file="C:\Users\m.shahriari\Desktop\bookstore\tests\Feature\BookPostTest.php" line="72" assertions="3" time="0.084647"/>
        <testcase name="testValidation with data set #19" class="Tests\Feature\BookPostTest" classname="Tests.Feature.BookPostTest" file="C:\Users\m.shahriari\Desktop\bookstore\tests\Feature\BookPostTest.php" line="72" assertions="3" time="0.080331"/>
        <testcase name="testValidation with data set #20" class="Tests\Feature\BookPostTest" classname="Tests.Feature.BookPostTest" file="C:\Users\m.shahriari\Desktop\bookstore\tests\Feature\BookPostTest.php" line="72" assertions="3" time="0.083708"/>
      </testsuite>
    </testsuite>
  </testsuite>
</testsuites>
