<?xml version="1.0" encoding="UTF-8"?>
<testsuites>
  <testsuite name="C:\Users\m.shahriari\Desktop\bookstore\tests" tests="42" assertions="205" errors="0" warnings="0" failures="0" skipped="0" time="4.633238">
    <testsuite name="Tests\Feature\BookListTest" file="C:\Users\m.shahriari\Desktop\bookstore\tests\Feature\BookListTest.php" tests="7" assertions="100" errors="0" warnings="0" failures="0" skipped="0" time="1.781615">
      <testcase name="testResponseStructure" class="Tests\Feature\BookListTest" classname="Tests.Feature.BookListTest" file="C:\Users\m.shahriari\Desktop\bookstore\tests\Feature\BookListTest.php" line="14" assertions="76" time="0.886187"/>
      <testcase name="testListWithoutFilters" class="Tests\Feature\BookListTest" classname="Tests.Feature.BookListTest" file="C:\Users\m.shahriari\Desktop\bookstore\tests\Feature\BookListTest.php" line="73" assertions="2" time="0.181290"/>
      <testcase name="testTitleFilter" class="Tests\Feature\BookListTest" classname="Tests.Feature.BookListTest" file="C:\Users\m.shahriari\Desktop\bookstore\tests\Feature\BookListTest.php" line="93" assertions="4" time="0.096594"/>
      <testcase name="testAuthorsFilter" class="Tests\Feature\BookListTest" classname="Tests.Feature.BookListTest" file="C:\Users\m.shahriari\Desktop\bookstore\tests\Feature\BookListTest.php" line="110" assertions="6" time="0.122484"/>
      <testcase name="testTitleSort" class="Tests\Feature\BookListTest" classname="Tests.Feature.BookListTest" file="C:\Users\m.shahriari\Desktop\bookstore\tests\Feature\BookListTest.php" line="140" assertions="4" time="0.099722"/>
      <testcase name="testAvgReviewSort" class="Tests\Feature\BookListTest" classname="Tests.Feature.BookListTest" file="C:\Users\m.shahriari\Desktop\bookstore\tests\Feature\BookListTest.php" line="158" assertions="4" time="0.117149"/>
      <testcase name="testPagination" class="Tests\Feature\BookListTest" classname="Tests.Feature.BookListTest" file="C:\Users\m.shahriari\Desktop\bookstore\tests\Feature\BookListTest.php" line="190" assertions="4" time="0.278190"/>
    </testsuite>
    <testsuite name="Tests\Feature\BookPostTest" file="C:\Users\m.shahriari\Desktop\bookstore\tests\Feature\BookPostTest.php" tests="24" assertions="71" errors="0" warnings="0" failures="0" skipped="0" time="1.997412">
      <testcase name="testDenyGuestAccess" class="Tests\Feature\BookPostTest" classname="Tests.Feature.BookPostTest" file="C:\Users\m.shahriari\Desktop\bookstore\tests\Feature\BookPostTest.php" line="13" assertions="1" time="0.079045"/>
      <testcase name="testDenyNonAdminUserAccess" class="Tests\Feature\BookPostTest" classname="Tests.Feature.BookPostTest" file="C:\Users\m.shahriari\Desktop\bookstore\tests\Feature\BookPostTest.php" line="27" assertions="1" time="0.079335"/>
      <testcase name="testSuccessfulPost" class="Tests\Feature\BookPostTest" classname="Tests.Feature.BookPostTest" file="C:\Users\m.shahriari\Desktop\bookstore\tests\Feature\BookPostTest.php" line="44" assertions="6" time="0.094786"/>
      <testsuite name="Tests\Feature\BookPostTest::testValidation" tests="21" assertions="63" errors="0" warnings="0" failures="0" skipped="0" time="1.744245">
        <testcase name="testValidation with data set #0" class="Tests\Feature\BookPostTest" classname="Tests.Feature.BookPostTest" file="C:\Users\m.shahriari\Desktop\bookstore\tests\Feature\BookPostTest.php" line="72" assertions="3" time="0.087922"/>
        <testcase name="testValidation with data set #1" class="Tests\Feature\BookPostTest" classname="Tests.Feature.BookPostTest" file="C:\Users\m.shahriari\Desktop\bookstore\tests\Feature\BookPostTest.php" line="72" assertions="3" time="0.080358"/>
        <testcase name="testValidation with data set #2" class="Tests\Feature\BookPostTest" classname="Tests.Feature.BookPostTest" file="C:\Users\m.shahriari\Desktop\bookstore\tests\Feature\BookPostTest.php" line="72" assertions="3" time="0.079839"/>
        <testcase name="testValidation with data set #3" class="Tests\Feature\BookPostTest" classname="Tests.Feature.BookPostTest" file="C:\Users\m.shahriari\Desktop\bookstore\tests\Feature\BookPostTest.php" line="72" assertions="3" time="0.085981"/>
        <testcase name="testValidation with data set #4" class="Tests\Feature\BookPostTest" classname="Tests.Feature.BookPostTest" file="C:\Users\m.shahriari\Desktop\bookstore\tests\Feature\BookPostTest.php" line="72" assertions="3" time="0.081087"/>
        <testcase name="testValidation with data set #5" class="Tests\Feature\BookPostTest" classname="Tests.Feature.BookPostTest" file="C:\Users\m.shahriari\Desktop\bookstore\tests\Feature\BookPostTest.php" line="72" assertions="3" time="0.080187"/>
        <testcase name="testValidation with data set #6" class="Tests\Feature\BookPostTest" classname="Tests.Feature.BookPostTest" file="C:\Users\m.shahriari\Desktop\bookstore\tests\Feature\BookPostTest.php" line="72" assertions="3" time="0.087242"/>
        <testcase name="testValidation with data set #7" class="Tests\Feature\BookPostTest" classname="Tests.Feature.BookPostTest" file="C:\Users\m.shahriari\Desktop\bookstore\tests\Feature\BookPostTest.php" line="72" assertions="3" time="0.083738"/>
        <testcase name="testValidation with data set #8" class="Tests\Feature\BookPostTest" classname="Tests.Feature.BookPostTest" file="C:\Users\m.shahriari\Desktop\bookstore\tests\Feature\BookPostTest.php" line="72" assertions="3" time="0.093604"/>
        <testcase name="testValidation with data set #9" class="Tests\Feature\BookPostTest" classname="Tests.Feature.BookPostTest" file="C:\Users\m.shahriari\Desktop\bookstore\tests\Feature\BookPostTest.php" line="72" assertions="3" time="0.084665"/>
        <testcase name="testValidation with data set #10" class="Tests\Feature\BookPostTest" classname="Tests.Feature.BookPostTest" file="C:\Users\m.shahriari\Desktop\bookstore\tests\Feature\BookPostTest.php" line="72" assertions="3" time="0.085858"/>
        <testcase name="testValidation with data set #11" class="Tests\Feature\BookPostTest" classname="Tests.Feature.BookPostTest" file="C:\Users\m.shahriari\Desktop\bookstore\tests\Feature\BookPostTest.php" line="72" assertions="3" time="0.085989"/>
        <testcase name="testValidation with data set #12" class="Tests\Feature\BookPostTest" classname="Tests.Feature.BookPostTest" file="C:\Users\m.shahriari\Desktop\bookstore\tests\Feature\BookPostTest.php" line="72" assertions="3" time="0.080119"/>
        <testcase name="testValidation with data set #13" class="Tests\Feature\BookPostTest" classname="Tests.Feature.BookPostTest" file="C:\Users\m.shahriari\Desktop\bookstore\tests\Feature\BookPostTest.php" line="72" assertions="3" time="0.083065"/>
        <testcase name="testValidation with data set #14" class="Tests\Feature\BookPostTest" classname="Tests.Feature.BookPostTest" file="C:\Users\m.shahriari\Desktop\bookstore\tests\Feature\BookPostTest.php" line="72" assertions="3" time="0.082605"/>
        <testcase name="testValidation with data set #15" class="Tests\Feature\BookPostTest" classname="Tests.Feature.BookPostTest" file="C:\Users\m.shahriari\Desktop\bookstore\tests\Feature\BookPostTest.php" line="72" assertions="3" time="0.077557"/>
        <testcase name="testValidation with data set #16" class="Tests\Feature\BookPostTest" classname="Tests.Feature.BookPostTest" file="C:\Users\m.shahriari\Desktop\bookstore\tests\Feature\BookPostTest.php" line="72" assertions="3" time="0.082736"/>
        <testcase name="testValidation with data set #17" class="Tests\Feature\BookPostTest" classname="Tests.Feature.BookPostTest" file="C:\Users\m.shahriari\Desktop\bookstore\tests\Feature\BookPostTest.php" line="72" assertions="3" time="0.078849"/>
        <testcase name="testValidation with data set #18" class="Tests\Feature\BookPostTest" classname="Tests.Feature.BookPostTest" file="C:\Users\m.shahriari\Desktop\bookstore\tests\Feature\BookPostTest.php" line="72" assertions="3" time="0.079774"/>
        <testcase name="testValidation with data set #19" class="Tests\Feature\BookPostTest" classname="Tests.Feature.BookPostTest" file="C:\Users\m.shahriari\Desktop\bookstore\tests\Feature\BookPostTest.php" line="72" assertions="3" time="0.080767"/>
        <testcase name="testValidation with data set #20" class="Tests\Feature\BookPostTest" classname="Tests.Feature.BookPostTest" file="C:\Users\m.shahriari\Desktop\bookstore\tests\Feature\BookPostTest.php" line="72" assertions="3" time="0.082302"/>
      </testsuite>
    </testsuite>
    <testsuite name="Tests\Feature\BookReviewTest" file="C:\Users\m.shahriari\Desktop\bookstore\tests\Feature\BookReviewTest.php" tests="11" assertions="34" errors="0" warnings="0" failures="0" skipped="0" time="0.854211">
      <testcase name="testDenyGuestAccess" class="Tests\Feature\BookReviewTest" classname="Tests.Feature.BookReviewTest" file="C:\Users\m.shahriari\Desktop\bookstore\tests\Feature\BookReviewTest.php" line="14" assertions="1" time="0.072041"/>
      <testcase name="testSuccessfulPost" class="Tests\Feature\BookReviewTest" classname="Tests.Feature.BookReviewTest" file="C:\Users\m.shahriari\Desktop\bookstore\tests\Feature\BookReviewTest.php" line="26" assertions="6" time="0.081695"/>
      <testsuite name="Tests\Feature\BookReviewTest::testValidation" tests="9" assertions="27" errors="0" warnings="0" failures="0" skipped="0" time="0.700475">
        <testcase name="testValidation with data set #0" class="Tests\Feature\BookReviewTest" classname="Tests.Feature.BookReviewTest" file="C:\Users\m.shahriari\Desktop\bookstore\tests\Feature\BookReviewTest.php" line="64" assertions="3" time="0.092084"/>
        <testcase name="testValidation with data set #1" class="Tests\Feature\BookReviewTest" classname="Tests.Feature.BookReviewTest" file="C:\Users\m.shahriari\Desktop\bookstore\tests\Feature\BookReviewTest.php" line="64" assertions="3" time="0.074544"/>
        <testcase name="testValidation with data set #2" class="Tests\Feature\BookReviewTest" classname="Tests.Feature.BookReviewTest" file="C:\Users\m.shahriari\Desktop\bookstore\tests\Feature\BookReviewTest.php" line="64" assertions="3" time="0.075150"/>
        <testcase name="testValidation with data set #3" class="Tests\Feature\BookReviewTest" classname="Tests.Feature.BookReviewTest" file="C:\Users\m.shahriari\Desktop\bookstore\tests\Feature\BookReviewTest.php" line="64" assertions="3" time="0.075043"/>
        <testcase name="testValidation with data set #4" class="Tests\Feature\BookReviewTest" classname="Tests.Feature.BookReviewTest" file="C:\Users\m.shahriari\Desktop\bookstore\tests\Feature\BookReviewTest.php" line="64" assertions="3" time="0.075778"/>
        <testcase name="testValidation with data set #5" class="Tests\Feature\BookReviewTest" classname="Tests.Feature.BookReviewTest" file="C:\Users\m.shahriari\Desktop\bookstore\tests\Feature\BookReviewTest.php" line="64" assertions="3" time="0.075128"/>
        <testcase name="testValidation with data set #6" class="Tests\Feature\BookReviewTest" classname="Tests.Feature.BookReviewTest" file="C:\Users\m.shahriari\Desktop\bookstore\tests\Feature\BookReviewTest.php" line="64" assertions="3" time="0.076664"/>
        <testcase name="testValidation with data set #7" class="Tests\Feature\BookReviewTest" classname="Tests.Feature.BookReviewTest" file="C:\Users\m.shahriari\Desktop\bookstore\tests\Feature\BookReviewTest.php" line="64" assertions="3" time="0.077577"/>
        <testcase name="testValidation with data set #8" class="Tests\Feature\BookReviewTest" classname="Tests.Feature.BookReviewTest" file="C:\Users\m.shahriari\Desktop\bookstore\tests\Feature\BookReviewTest.php" line="64" assertions="3" time="0.078508"/>
      </testsuite>
    </testsuite>
  </testsuite>
</testsuites>
