<?xml version="1.0" encoding="UTF-8"?>
<testsuites>
  <testsuite name="C:\Users\m.shahriari\Desktop\bookstore\tests" tests="42" assertions="49" errors="0" warnings="0" failures="42" skipped="0" time="4.931697">
    <testsuite name="Tests\Feature\BookListTest" file="C:\Users\m.shahriari\Desktop\bookstore\tests\Feature\BookListTest.php" tests="7" assertions="14" errors="0" warnings="0" failures="7" skipped="0" time="1.754348">
      <testcase name="testResponseStructure" class="Tests\Feature\BookListTest" classname="Tests.Feature.BookListTest" file="C:\Users\m.shahriari\Desktop\bookstore\tests\Feature\BookListTest.php" line="14" assertions="2" time="1.003012">
        <failure type="PHPUnit\Framework\AssertionFailedError">Tests\Feature\BookListTest::testResponseStructure
Invalid JSON was returned from the route.

C:\Users\m.shahriari\Desktop\bookstore\vendor\laravel\framework\src\Illuminate\Testing\TestResponse.php:952
C:\Users\m.shahriari\Desktop\bookstore\vendor\laravel\framework\src\Illuminate\Testing\TestResponse.php:798
C:\Users\m.shahriari\Desktop\bookstore\tests\Feature\BookListTest.php:37</failure>
      </testcase>
      <testcase name="testListWithoutFilters" class="Tests\Feature\BookListTest" classname="Tests.Feature.BookListTest" file="C:\Users\m.shahriari\Desktop\bookstore\tests\Feature\BookListTest.php" line="72" assertions="2" time="0.187550">
        <failure type="PHPUnit\Framework\AssertionFailedError">Tests\Feature\BookListTest::testListWithoutFilters
Invalid JSON was returned from the route.

C:\Users\m.shahriari\Desktop\bookstore\vendor\laravel\framework\src\Illuminate\Testing\TestResponse.php:952
C:\Users\m.shahriari\Desktop\bookstore\vendor\laravel\framework\src\Illuminate\Testing\TestResponse.php:692
C:\Users\m.shahriari\Desktop\bookstore\tests\Feature\BookListTest.php:209
C:\Users\m.shahriari\Desktop\bookstore\tests\Feature\BookListTest.php:89</failure>
      </testcase>
      <testcase name="testTitleFilter" class="Tests\Feature\BookListTest" classname="Tests.Feature.BookListTest" file="C:\Users\m.shahriari\Desktop\bookstore\tests\Feature\BookListTest.php" line="92" assertions="2" time="0.088823">
        <failure type="PHPUnit\Framework\AssertionFailedError">Tests\Feature\BookListTest::testTitleFilter
Invalid JSON was returned from the route.

C:\Users\m.shahriari\Desktop\bookstore\vendor\laravel\framework\src\Illuminate\Testing\TestResponse.php:952
C:\Users\m.shahriari\Desktop\bookstore\vendor\laravel\framework\src\Illuminate\Testing\TestResponse.php:692
C:\Users\m.shahriari\Desktop\bookstore\tests\Feature\BookListTest.php:209
C:\Users\m.shahriari\Desktop\bookstore\tests\Feature\BookListTest.php:101</failure>
      </testcase>
      <testcase name="testAuthorsFilter" class="Tests\Feature\BookListTest" classname="Tests.Feature.BookListTest" file="C:\Users\m.shahriari\Desktop\bookstore\tests\Feature\BookListTest.php" line="109" assertions="2" time="0.101351">
        <failure type="PHPUnit\Framework\AssertionFailedError">Tests\Feature\BookListTest::testAuthorsFilter
Invalid JSON was returned from the route.

C:\Users\m.shahriari\Desktop\bookstore\vendor\laravel\framework\src\Illuminate\Testing\TestResponse.php:952
C:\Users\m.shahriari\Desktop\bookstore\vendor\laravel\framework\src\Illuminate\Testing\TestResponse.php:692
C:\Users\m.shahriari\Desktop\bookstore\tests\Feature\BookListTest.php:209
C:\Users\m.shahriari\Desktop\bookstore\tests\Feature\BookListTest.php:126</failure>
      </testcase>
      <testcase name="testTitleSort" class="Tests\Feature\BookListTest" classname="Tests.Feature.BookListTest" file="C:\Users\m.shahriari\Desktop\bookstore\tests\Feature\BookListTest.php" line="139" assertions="2" time="0.090517">
        <failure type="PHPUnit\Framework\AssertionFailedError">Tests\Feature\BookListTest::testTitleSort
Invalid JSON was returned from the route.

C:\Users\m.shahriari\Desktop\bookstore\vendor\laravel\framework\src\Illuminate\Testing\TestResponse.php:952
C:\Users\m.shahriari\Desktop\bookstore\vendor\laravel\framework\src\Illuminate\Testing\TestResponse.php:692
C:\Users\m.shahriari\Desktop\bookstore\tests\Feature\BookListTest.php:209
C:\Users\m.shahriari\Desktop\bookstore\tests\Feature\BookListTest.php:149</failure>
      </testcase>
      <testcase name="testAvgReviewSort" class="Tests\Feature\BookListTest" classname="Tests.Feature.BookListTest" file="C:\Users\m.shahriari\Desktop\bookstore\tests\Feature\BookListTest.php" line="157" assertions="2" time="0.109025">
        <failure type="PHPUnit\Framework\AssertionFailedError">Tests\Feature\BookListTest::testAvgReviewSort
Invalid JSON was returned from the route.

C:\Users\m.shahriari\Desktop\bookstore\vendor\laravel\framework\src\Illuminate\Testing\TestResponse.php:952
C:\Users\m.shahriari\Desktop\bookstore\vendor\laravel\framework\src\Illuminate\Testing\TestResponse.php:692
C:\Users\m.shahriari\Desktop\bookstore\tests\Feature\BookListTest.php:209
C:\Users\m.shahriari\Desktop\bookstore\tests\Feature\BookListTest.php:181</failure>
      </testcase>
      <testcase name="testPagination" class="Tests\Feature\BookListTest" classname="Tests.Feature.BookListTest" file="C:\Users\m.shahriari\Desktop\bookstore\tests\Feature\BookListTest.php" line="189" assertions="2" time="0.174070">
        <failure type="PHPUnit\Framework\AssertionFailedError">Tests\Feature\BookListTest::testPagination
Invalid JSON was returned from the route.

C:\Users\m.shahriari\Desktop\bookstore\vendor\laravel\framework\src\Illuminate\Testing\TestResponse.php:952
C:\Users\m.shahriari\Desktop\bookstore\vendor\laravel\framework\src\Illuminate\Testing\TestResponse.php:692
C:\Users\m.shahriari\Desktop\bookstore\tests\Feature\BookListTest.php:209
C:\Users\m.shahriari\Desktop\bookstore\tests\Feature\BookListTest.php:198</failure>
      </testcase>
    </testsuite>
    <testsuite name="Tests\Feature\BookPostTest" file="C:\Users\m.shahriari\Desktop\bookstore\tests\Feature\BookPostTest.php" tests="24" assertions="24" errors="0" warnings="0" failures="24" skipped="0" time="2.229917">
      <testcase name="testDenyGuestAccess" class="Tests\Feature\BookPostTest" classname="Tests.Feature.BookPostTest" file="C:\Users\m.shahriari\Desktop\bookstore\tests\Feature\BookPostTest.php" line="13" assertions="1" time="0.104775">
        <failure type="PHPUnit\Framework\ExpectationFailedException">Tests\Feature\BookPostTest::testDenyGuestAccess
Expected response status code [401] but received 200.
Failed asserting that 401 is identical to 200.

C:\Users\m.shahriari\Desktop\bookstore\vendor\laravel\framework\src\Illuminate\Testing\TestResponse.php:177
C:\Users\m.shahriari\Desktop\bookstore\tests\Feature\BookPostTest.php:24</failure>
      </testcase>
      <testcase name="testDenyNonAdminUserAccess" class="Tests\Feature\BookPostTest" classname="Tests.Feature.BookPostTest" file="C:\Users\m.shahriari\Desktop\bookstore\tests\Feature\BookPostTest.php" line="27" assertions="1" time="0.100574">
        <failure type="PHPUnit\Framework\ExpectationFailedException">Tests\Feature\BookPostTest::testDenyNonAdminUserAccess
Expected response status code [403] but received 200.
Failed asserting that 403 is identical to 200.

C:\Users\m.shahriari\Desktop\bookstore\vendor\laravel\framework\src\Illuminate\Testing\TestResponse.php:177
C:\Users\m.shahriari\Desktop\bookstore\tests\Feature\BookPostTest.php:41</failure>
      </testcase>
      <testcase name="testSuccessfulPost" class="Tests\Feature\BookPostTest" classname="Tests.Feature.BookPostTest" file="C:\Users\m.shahriari\Desktop\bookstore\tests\Feature\BookPostTest.php" line="44" assertions="1" time="0.165737">
        <failure type="PHPUnit\Framework\ExpectationFailedException">Tests\Feature\BookPostTest::testSuccessfulPost
Expected response status code [201] but received 200.
Failed asserting that 201 is identical to 200.

C:\Users\m.shahriari\Desktop\bookstore\vendor\laravel\framework\src\Illuminate\Testing\TestResponse.php:177
C:\Users\m.shahriari\Desktop\bookstore\tests\Feature\BookPostTest.php:58</failure>
      </testcase>
      <testsuite name="Tests\Feature\BookPostTest::testValidation" tests="21" assertions="21" errors="0" warnings="0" failures="21" skipped="0" time="1.858832">
        <testcase name="testValidation with data set #0" class="Tests\Feature\BookPostTest" classname="Tests.Feature.BookPostTest" file="C:\Users\m.shahriari\Desktop\bookstore\tests\Feature\BookPostTest.php" line="72" assertions="1" time="0.114943">
          <failure type="PHPUnit\Framework\ExpectationFailedException">Tests\Feature\BookPostTest::testValidation with data set #0 (array(null), 'isbn')
Expected response status code [422] but received 200.
Failed asserting that 422 is identical to 200.

C:\Users\m.shahriari\Desktop\bookstore\vendor\laravel\framework\src\Illuminate\Testing\TestResponse.php:177
C:\Users\m.shahriari\Desktop\bookstore\tests\Feature\BookPostTest.php:91</failure>
        </testcase>
        <testcase name="testValidation with data set #1" class="Tests\Feature\BookPostTest" classname="Tests.Feature.BookPostTest" file="C:\Users\m.shahriari\Desktop\bookstore\tests\Feature\BookPostTest.php" line="72" assertions="1" time="0.097074">
          <failure type="PHPUnit\Framework\ExpectationFailedException">Tests\Feature\BookPostTest::testValidation with data set #1 (array(''), 'isbn')
Expected response status code [422] but received 200.
Failed asserting that 422 is identical to 200.

C:\Users\m.shahriari\Desktop\bookstore\vendor\laravel\framework\src\Illuminate\Testing\TestResponse.php:177
C:\Users\m.shahriari\Desktop\bookstore\tests\Feature\BookPostTest.php:91</failure>
        </testcase>
        <testcase name="testValidation with data set #2" class="Tests\Feature\BookPostTest" classname="Tests.Feature.BookPostTest" file="C:\Users\m.shahriari\Desktop\bookstore\tests\Feature\BookPostTest.php" line="72" assertions="1" time="0.095412">
          <failure type="PHPUnit\Framework\ExpectationFailedException">Tests\Feature\BookPostTest::testValidation with data set #2 (array('97883283023414'), 'isbn')
Expected response status code [422] but received 200.
Failed asserting that 422 is identical to 200.

C:\Users\m.shahriari\Desktop\bookstore\vendor\laravel\framework\src\Illuminate\Testing\TestResponse.php:177
C:\Users\m.shahriari\Desktop\bookstore\tests\Feature\BookPostTest.php:91</failure>
        </testcase>
        <testcase name="testValidation with data set #3" class="Tests\Feature\BookPostTest" classname="Tests.Feature.BookPostTest" file="C:\Users\m.shahriari\Desktop\bookstore\tests\Feature\BookPostTest.php" line="72" assertions="1" time="0.086121">
          <failure type="PHPUnit\Framework\ExpectationFailedException">Tests\Feature\BookPostTest::testValidation with data set #3 (array('978832830'), 'isbn')
Expected response status code [422] but received 200.
Failed asserting that 422 is identical to 200.

C:\Users\m.shahriari\Desktop\bookstore\vendor\laravel\framework\src\Illuminate\Testing\TestResponse.php:177
C:\Users\m.shahriari\Desktop\bookstore\tests\Feature\BookPostTest.php:91</failure>
        </testcase>
        <testcase name="testValidation with data set #4" class="Tests\Feature\BookPostTest" classname="Tests.Feature.BookPostTest" file="C:\Users\m.shahriari\Desktop\bookstore\tests\Feature\BookPostTest.php" line="72" assertions="1" time="0.088483">
          <failure type="PHPUnit\Framework\ExpectationFailedException">Tests\Feature\BookPostTest::testValidation with data set #4 (array('97883283023422'), 'isbn')
Expected response status code [422] but received 200.
Failed asserting that 422 is identical to 200.

C:\Users\m.shahriari\Desktop\bookstore\vendor\laravel\framework\src\Illuminate\Testing\TestResponse.php:177
C:\Users\m.shahriari\Desktop\bookstore\tests\Feature\BookPostTest.php:91</failure>
        </testcase>
        <testcase name="testValidation with data set #5" class="Tests\Feature\BookPostTest" classname="Tests.Feature.BookPostTest" file="C:\Users\m.shahriari\Desktop\bookstore\tests\Feature\BookPostTest.php" line="72" assertions="1" time="0.085474">
          <failure type="PHPUnit\Framework\ExpectationFailedException">Tests\Feature\BookPostTest::testValidation with data set #5 (array(array()), 'isbn')
Expected response status code [422] but received 200.
Failed asserting that 422 is identical to 200.

C:\Users\m.shahriari\Desktop\bookstore\vendor\laravel\framework\src\Illuminate\Testing\TestResponse.php:177
C:\Users\m.shahriari\Desktop\bookstore\tests\Feature\BookPostTest.php:91</failure>
        </testcase>
        <testcase name="testValidation with data set #6" class="Tests\Feature\BookPostTest" classname="Tests.Feature.BookPostTest" file="C:\Users\m.shahriari\Desktop\bookstore\tests\Feature\BookPostTest.php" line="72" assertions="1" time="0.082971">
          <failure type="PHPUnit\Framework\ExpectationFailedException">Tests\Feature\BookPostTest::testValidation with data set #6 (array(array(673890)), 'isbn')
Expected response status code [422] but received 200.
Failed asserting that 422 is identical to 200.

C:\Users\m.shahriari\Desktop\bookstore\vendor\laravel\framework\src\Illuminate\Testing\TestResponse.php:177
C:\Users\m.shahriari\Desktop\bookstore\tests\Feature\BookPostTest.php:91</failure>
        </testcase>
        <testcase name="testValidation with data set #7" class="Tests\Feature\BookPostTest" classname="Tests.Feature.BookPostTest" file="C:\Users\m.shahriari\Desktop\bookstore\tests\Feature\BookPostTest.php" line="72" assertions="1" time="0.095930">
          <failure type="PHPUnit\Framework\ExpectationFailedException">Tests\Feature\BookPostTest::testValidation with data set #7 (array(array('978832830234')), 'isbn')
Expected response status code [422] but received 200.
Failed asserting that 422 is identical to 200.

C:\Users\m.shahriari\Desktop\bookstore\vendor\laravel\framework\src\Illuminate\Testing\TestResponse.php:177
C:\Users\m.shahriari\Desktop\bookstore\tests\Feature\BookPostTest.php:91</failure>
        </testcase>
        <testcase name="testValidation with data set #8" class="Tests\Feature\BookPostTest" classname="Tests.Feature.BookPostTest" file="C:\Users\m.shahriari\Desktop\bookstore\tests\Feature\BookPostTest.php" line="72" assertions="1" time="0.085700">
          <failure type="PHPUnit\Framework\ExpectationFailedException">Tests\Feature\BookPostTest::testValidation with data set #8 (array('FCKGWRHQQ2'), 'isbn')
Expected response status code [422] but received 200.
Failed asserting that 422 is identical to 200.

C:\Users\m.shahriari\Desktop\bookstore\vendor\laravel\framework\src\Illuminate\Testing\TestResponse.php:177
C:\Users\m.shahriari\Desktop\bookstore\tests\Feature\BookPostTest.php:91</failure>
        </testcase>
        <testcase name="testValidation with data set #9" class="Tests\Feature\BookPostTest" classname="Tests.Feature.BookPostTest" file="C:\Users\m.shahriari\Desktop\bookstore\tests\Feature\BookPostTest.php" line="72" assertions="1" time="0.081446">
          <failure type="PHPUnit\Framework\ExpectationFailedException">Tests\Feature\BookPostTest::testValidation with data set #9 (array(null), 'title')
Expected response status code [422] but received 200.
Failed asserting that 422 is identical to 200.

C:\Users\m.shahriari\Desktop\bookstore\vendor\laravel\framework\src\Illuminate\Testing\TestResponse.php:177
C:\Users\m.shahriari\Desktop\bookstore\tests\Feature\BookPostTest.php:91</failure>
        </testcase>
        <testcase name="testValidation with data set #10" class="Tests\Feature\BookPostTest" classname="Tests.Feature.BookPostTest" file="C:\Users\m.shahriari\Desktop\bookstore\tests\Feature\BookPostTest.php" line="72" assertions="1" time="0.085320">
          <failure type="PHPUnit\Framework\ExpectationFailedException">Tests\Feature\BookPostTest::testValidation with data set #10 (array(''), 'title')
Expected response status code [422] but received 200.
Failed asserting that 422 is identical to 200.

C:\Users\m.shahriari\Desktop\bookstore\vendor\laravel\framework\src\Illuminate\Testing\TestResponse.php:177
C:\Users\m.shahriari\Desktop\bookstore\tests\Feature\BookPostTest.php:91</failure>
        </testcase>
        <testcase name="testValidation with data set #11" class="Tests\Feature\BookPostTest" classname="Tests.Feature.BookPostTest" file="C:\Users\m.shahriari\Desktop\bookstore\tests\Feature\BookPostTest.php" line="72" assertions="1" time="0.081711">
          <failure type="PHPUnit\Framework\ExpectationFailedException">Tests\Feature\BookPostTest::testValidation with data set #11 (array(array()), 'title')
Expected response status code [422] but received 200.
Failed asserting that 422 is identical to 200.

C:\Users\m.shahriari\Desktop\bookstore\vendor\laravel\framework\src\Illuminate\Testing\TestResponse.php:177
C:\Users\m.shahriari\Desktop\bookstore\tests\Feature\BookPostTest.php:91</failure>
        </testcase>
        <testcase name="testValidation with data set #12" class="Tests\Feature\BookPostTest" classname="Tests.Feature.BookPostTest" file="C:\Users\m.shahriari\Desktop\bookstore\tests\Feature\BookPostTest.php" line="72" assertions="1" time="0.085187">
          <failure type="PHPUnit\Framework\ExpectationFailedException">Tests\Feature\BookPostTest::testValidation with data set #12 (array(null), 'description')
Expected response status code [422] but received 200.
Failed asserting that 422 is identical to 200.

C:\Users\m.shahriari\Desktop\bookstore\vendor\laravel\framework\src\Illuminate\Testing\TestResponse.php:177
C:\Users\m.shahriari\Desktop\bookstore\tests\Feature\BookPostTest.php:91</failure>
        </testcase>
        <testcase name="testValidation with data set #13" class="Tests\Feature\BookPostTest" classname="Tests.Feature.BookPostTest" file="C:\Users\m.shahriari\Desktop\bookstore\tests\Feature\BookPostTest.php" line="72" assertions="1" time="0.092937">
          <failure type="PHPUnit\Framework\ExpectationFailedException">Tests\Feature\BookPostTest::testValidation with data set #13 (array(''), 'description')
Expected response status code [422] but received 200.
Failed asserting that 422 is identical to 200.

C:\Users\m.shahriari\Desktop\bookstore\vendor\laravel\framework\src\Illuminate\Testing\TestResponse.php:177
C:\Users\m.shahriari\Desktop\bookstore\tests\Feature\BookPostTest.php:91</failure>
        </testcase>
        <testcase name="testValidation with data set #14" class="Tests\Feature\BookPostTest" classname="Tests.Feature.BookPostTest" file="C:\Users\m.shahriari\Desktop\bookstore\tests\Feature\BookPostTest.php" line="72" assertions="1" time="0.084524">
          <failure type="PHPUnit\Framework\ExpectationFailedException">Tests\Feature\BookPostTest::testValidation with data set #14 (array(array()), 'description')
Expected response status code [422] but received 200.
Failed asserting that 422 is identical to 200.

C:\Users\m.shahriari\Desktop\bookstore\vendor\laravel\framework\src\Illuminate\Testing\TestResponse.php:177
C:\Users\m.shahriari\Desktop\bookstore\tests\Feature\BookPostTest.php:91</failure>
        </testcase>
        <testcase name="testValidation with data set #15" class="Tests\Feature\BookPostTest" classname="Tests.Feature.BookPostTest" file="C:\Users\m.shahriari\Desktop\bookstore\tests\Feature\BookPostTest.php" line="72" assertions="1" time="0.087214">
          <failure type="PHPUnit\Framework\ExpectationFailedException">Tests\Feature\BookPostTest::testValidation with data set #15 (array(null), 'authors')
Expected response status code [422] but received 200.
Failed asserting that 422 is identical to 200.

C:\Users\m.shahriari\Desktop\bookstore\vendor\laravel\framework\src\Illuminate\Testing\TestResponse.php:177
C:\Users\m.shahriari\Desktop\bookstore\tests\Feature\BookPostTest.php:91</failure>
        </testcase>
        <testcase name="testValidation with data set #16" class="Tests\Feature\BookPostTest" classname="Tests.Feature.BookPostTest" file="C:\Users\m.shahriari\Desktop\bookstore\tests\Feature\BookPostTest.php" line="72" assertions="1" time="0.085727">
          <failure type="PHPUnit\Framework\ExpectationFailedException">Tests\Feature\BookPostTest::testValidation with data set #16 (array(array()), 'authors')
Expected response status code [422] but received 200.
Failed asserting that 422 is identical to 200.

C:\Users\m.shahriari\Desktop\bookstore\vendor\laravel\framework\src\Illuminate\Testing\TestResponse.php:177
C:\Users\m.shahriari\Desktop\bookstore\tests\Feature\BookPostTest.php:91</failure>
        </testcase>
        <testcase name="testValidation with data set #17" class="Tests\Feature\BookPostTest" classname="Tests.Feature.BookPostTest" file="C:\Users\m.shahriari\Desktop\bookstore\tests\Feature\BookPostTest.php" line="72" assertions="1" time="0.088105">
          <failure type="PHPUnit\Framework\ExpectationFailedException">Tests\Feature\BookPostTest::testValidation with data set #17 (array(''), 'authors')
Expected response status code [422] but received 200.
Failed asserting that 422 is identical to 200.

C:\Users\m.shahriari\Desktop\bookstore\vendor\laravel\framework\src\Illuminate\Testing\TestResponse.php:177
C:\Users\m.shahriari\Desktop\bookstore\tests\Feature\BookPostTest.php:91</failure>
        </testcase>
        <testcase name="testValidation with data set #18" class="Tests\Feature\BookPostTest" classname="Tests.Feature.BookPostTest" file="C:\Users\m.shahriari\Desktop\bookstore\tests\Feature\BookPostTest.php" line="72" assertions="1" time="0.086876">
          <failure type="PHPUnit\Framework\ExpectationFailedException">Tests\Feature\BookPostTest::testValidation with data set #18 (array(array(999999)), 'authors.0')
Expected response status code [422] but received 200.
Failed asserting that 422 is identical to 200.

C:\Users\m.shahriari\Desktop\bookstore\vendor\laravel\framework\src\Illuminate\Testing\TestResponse.php:177
C:\Users\m.shahriari\Desktop\bookstore\tests\Feature\BookPostTest.php:91</failure>
        </testcase>
        <testcase name="testValidation with data set #19" class="Tests\Feature\BookPostTest" classname="Tests.Feature.BookPostTest" file="C:\Users\m.shahriari\Desktop\bookstore\tests\Feature\BookPostTest.php" line="72" assertions="1" time="0.079057">
          <failure type="PHPUnit\Framework\ExpectationFailedException">Tests\Feature\BookPostTest::testValidation with data set #19 (array(array(array())), 'authors.0')
Expected response status code [422] but received 200.
Failed asserting that 422 is identical to 200.

C:\Users\m.shahriari\Desktop\bookstore\vendor\laravel\framework\src\Illuminate\Testing\TestResponse.php:177
C:\Users\m.shahriari\Desktop\bookstore\tests\Feature\BookPostTest.php:91</failure>
        </testcase>
        <testcase name="testValidation with data set #20" class="Tests\Feature\BookPostTest" classname="Tests.Feature.BookPostTest" file="C:\Users\m.shahriari\Desktop\bookstore\tests\Feature\BookPostTest.php" line="72" assertions="1" time="0.088620">
          <failure type="PHPUnit\Framework\ExpectationFailedException">Tests\Feature\BookPostTest::testValidation with data set #20 (array(array(null)), 'authors.0')
Expected response status code [422] but received 200.
Failed asserting that 422 is identical to 200.

C:\Users\m.shahriari\Desktop\bookstore\vendor\laravel\framework\src\Illuminate\Testing\TestResponse.php:177
C:\Users\m.shahriari\Desktop\bookstore\tests\Feature\BookPostTest.php:91</failure>
        </testcase>
      </testsuite>
    </testsuite>
    <testsuite name="Tests\Feature\BookReviewTest" file="C:\Users\m.shahriari\Desktop\bookstore\tests\Feature\BookReviewTest.php" tests="11" assertions="11" errors="0" warnings="0" failures="11" skipped="0" time="0.947431">
      <testcase name="testDenyGuestAccess" class="Tests\Feature\BookReviewTest" classname="Tests.Feature.BookReviewTest" file="C:\Users\m.shahriari\Desktop\bookstore\tests\Feature\BookReviewTest.php" line="14" assertions="1" time="0.095259">
        <failure type="PHPUnit\Framework\ExpectationFailedException">Tests\Feature\BookReviewTest::testDenyGuestAccess
Expected response status code [401] but received 200.
Failed asserting that 401 is identical to 200.

C:\Users\m.shahriari\Desktop\bookstore\vendor\laravel\framework\src\Illuminate\Testing\TestResponse.php:177
C:\Users\m.shahriari\Desktop\bookstore\tests\Feature\BookReviewTest.php:23</failure>
      </testcase>
      <testcase name="testSuccessfulPost" class="Tests\Feature\BookReviewTest" classname="Tests.Feature.BookReviewTest" file="C:\Users\m.shahriari\Desktop\bookstore\tests\Feature\BookReviewTest.php" line="26" assertions="1" time="0.081028">
        <failure type="PHPUnit\Framework\ExpectationFailedException">Tests\Feature\BookReviewTest::testSuccessfulPost
Expected response status code [201] but received 200.
Failed asserting that 201 is identical to 200.

C:\Users\m.shahriari\Desktop\bookstore\vendor\laravel\framework\src\Illuminate\Testing\TestResponse.php:177
C:\Users\m.shahriari\Desktop\bookstore\tests\Feature\BookReviewTest.php:38</failure>
      </testcase>
      <testsuite name="Tests\Feature\BookReviewTest::testValidation" tests="9" assertions="9" errors="0" warnings="0" failures="9" skipped="0" time="0.771144">
        <testcase name="testValidation with data set #0" class="Tests\Feature\BookReviewTest" classname="Tests.Feature.BookReviewTest" file="C:\Users\m.shahriari\Desktop\bookstore\tests\Feature\BookReviewTest.php" line="64" assertions="1" time="0.100205">
          <failure type="PHPUnit\Framework\ExpectationFailedException">Tests\Feature\BookReviewTest::testValidation with data set #0 (array(null), 'review')
Expected response status code [422] but received 200.
Failed asserting that 422 is identical to 200.

C:\Users\m.shahriari\Desktop\bookstore\vendor\laravel\framework\src\Illuminate\Testing\TestResponse.php:177
C:\Users\m.shahriari\Desktop\bookstore\tests\Feature\BookReviewTest.php:79</failure>
        </testcase>
        <testcase name="testValidation with data set #1" class="Tests\Feature\BookReviewTest" classname="Tests.Feature.BookReviewTest" file="C:\Users\m.shahriari\Desktop\bookstore\tests\Feature\BookReviewTest.php" line="64" assertions="1" time="0.086229">
          <failure type="PHPUnit\Framework\ExpectationFailedException">Tests\Feature\BookReviewTest::testValidation with data set #1 (array(''), 'review')
Expected response status code [422] but received 200.
Failed asserting that 422 is identical to 200.

C:\Users\m.shahriari\Desktop\bookstore\vendor\laravel\framework\src\Illuminate\Testing\TestResponse.php:177
C:\Users\m.shahriari\Desktop\bookstore\tests\Feature\BookReviewTest.php:79</failure>
        </testcase>
        <testcase name="testValidation with data set #2" class="Tests\Feature\BookReviewTest" classname="Tests.Feature.BookReviewTest" file="C:\Users\m.shahriari\Desktop\bookstore\tests\Feature\BookReviewTest.php" line="64" assertions="1" time="0.080965">
          <failure type="PHPUnit\Framework\ExpectationFailedException">Tests\Feature\BookReviewTest::testValidation with data set #2 (array(0), 'review')
Expected response status code [422] but received 200.
Failed asserting that 422 is identical to 200.

C:\Users\m.shahriari\Desktop\bookstore\vendor\laravel\framework\src\Illuminate\Testing\TestResponse.php:177
C:\Users\m.shahriari\Desktop\bookstore\tests\Feature\BookReviewTest.php:79</failure>
        </testcase>
        <testcase name="testValidation with data set #3" class="Tests\Feature\BookReviewTest" classname="Tests.Feature.BookReviewTest" file="C:\Users\m.shahriari\Desktop\bookstore\tests\Feature\BookReviewTest.php" line="64" assertions="1" time="0.085759">
          <failure type="PHPUnit\Framework\ExpectationFailedException">Tests\Feature\BookReviewTest::testValidation with data set #3 (array(11), 'review')
Expected response status code [422] but received 200.
Failed asserting that 422 is identical to 200.

C:\Users\m.shahriari\Desktop\bookstore\vendor\laravel\framework\src\Illuminate\Testing\TestResponse.php:177
C:\Users\m.shahriari\Desktop\bookstore\tests\Feature\BookReviewTest.php:79</failure>
        </testcase>
        <testcase name="testValidation with data set #4" class="Tests\Feature\BookReviewTest" classname="Tests.Feature.BookReviewTest" file="C:\Users\m.shahriari\Desktop\bookstore\tests\Feature\BookReviewTest.php" line="64" assertions="1" time="0.082474">
          <failure type="PHPUnit\Framework\ExpectationFailedException">Tests\Feature\BookReviewTest::testValidation with data set #4 (array(3.5), 'review')
Expected response status code [422] but received 200.
Failed asserting that 422 is identical to 200.

C:\Users\m.shahriari\Desktop\bookstore\vendor\laravel\framework\src\Illuminate\Testing\TestResponse.php:177
C:\Users\m.shahriari\Desktop\bookstore\tests\Feature\BookReviewTest.php:79</failure>
        </testcase>
        <testcase name="testValidation with data set #5" class="Tests\Feature\BookReviewTest" classname="Tests.Feature.BookReviewTest" file="C:\Users\m.shahriari\Desktop\bookstore\tests\Feature\BookReviewTest.php" line="64" assertions="1" time="0.090707">
          <failure type="PHPUnit\Framework\ExpectationFailedException">Tests\Feature\BookReviewTest::testValidation with data set #5 (array(array()), 'review')
Expected response status code [422] but received 200.
Failed asserting that 422 is identical to 200.

C:\Users\m.shahriari\Desktop\bookstore\vendor\laravel\framework\src\Illuminate\Testing\TestResponse.php:177
C:\Users\m.shahriari\Desktop\bookstore\tests\Feature\BookReviewTest.php:79</failure>
        </testcase>
        <testcase name="testValidation with data set #6" class="Tests\Feature\BookReviewTest" classname="Tests.Feature.BookReviewTest" file="C:\Users\m.shahriari\Desktop\bookstore\tests\Feature\BookReviewTest.php" line="64" assertions="1" time="0.079323">
          <failure type="PHPUnit\Framework\ExpectationFailedException">Tests\Feature\BookReviewTest::testValidation with data set #6 (array(null), 'comment')
Expected response status code [422] but received 200.
Failed asserting that 422 is identical to 200.

C:\Users\m.shahriari\Desktop\bookstore\vendor\laravel\framework\src\Illuminate\Testing\TestResponse.php:177
C:\Users\m.shahriari\Desktop\bookstore\tests\Feature\BookReviewTest.php:79</failure>
        </testcase>
        <testcase name="testValidation with data set #7" class="Tests\Feature\BookReviewTest" classname="Tests.Feature.BookReviewTest" file="C:\Users\m.shahriari\Desktop\bookstore\tests\Feature\BookReviewTest.php" line="64" assertions="1" time="0.083709">
          <failure type="PHPUnit\Framework\ExpectationFailedException">Tests\Feature\BookReviewTest::testValidation with data set #7 (array(''), 'comment')
Expected response status code [422] but received 200.
Failed asserting that 422 is identical to 200.

C:\Users\m.shahriari\Desktop\bookstore\vendor\laravel\framework\src\Illuminate\Testing\TestResponse.php:177
C:\Users\m.shahriari\Desktop\bookstore\tests\Feature\BookReviewTest.php:79</failure>
        </testcase>
        <testcase name="testValidation with data set #8" class="Tests\Feature\BookReviewTest" classname="Tests.Feature.BookReviewTest" file="C:\Users\m.shahriari\Desktop\bookstore\tests\Feature\BookReviewTest.php" line="64" assertions="1" time="0.081772">
          <failure type="PHPUnit\Framework\ExpectationFailedException">Tests\Feature\BookReviewTest::testValidation with data set #8 (array(array()), 'comment')
Expected response status code [422] but received 200.
Failed asserting that 422 is identical to 200.

C:\Users\m.shahriari\Desktop\bookstore\vendor\laravel\framework\src\Illuminate\Testing\TestResponse.php:177
C:\Users\m.shahriari\Desktop\bookstore\tests\Feature\BookReviewTest.php:79</failure>
        </testcase>
      </testsuite>
    </testsuite>
  </testsuite>
</testsuites>
