<?xml version="1.0" encoding="UTF-8"?>
<testsuites>
  <testsuite name="C:\Users\m.shahriari\Desktop\bookstore\tests\Feature" tests="7" assertions="100" errors="0" warnings="0" failures="0" skipped="0" time="2.082163">
    <testsuite name="Tests\Feature\BookListTest" file="C:\Users\m.shahriari\Desktop\bookstore\tests\Feature\BookListTest.php" tests="7" assertions="100" errors="0" warnings="0" failures="0" skipped="0" time="2.082163">
      <testcase name="testResponseStructure" class="Tests\Feature\BookListTest" classname="Tests.Feature.BookListTest" file="C:\Users\m.shahriari\Desktop\bookstore\tests\Feature\BookListTest.php" line="14" assertions="76" time="1.076347"/>
      <testcase name="testListWithoutFilters" class="Tests\Feature\BookListTest" classname="Tests.Feature.BookListTest" file="C:\Users\m.shahriari\Desktop\bookstore\tests\Feature\BookListTest.php" line="73" assertions="2" time="0.182144"/>
      <testcase name="testTitleFilter" class="Tests\Feature\BookListTest" classname="Tests.Feature.BookListTest" file="C:\Users\m.shahriari\Desktop\bookstore\tests\Feature\BookListTest.php" line="93" assertions="4" time="0.096413"/>
      <testcase name="testAuthorsFilter" class="Tests\Feature\BookListTest" classname="Tests.Feature.BookListTest" file="C:\Users\m.shahriari\Desktop\bookstore\tests\Feature\BookListTest.php" line="110" assertions="6" time="0.154346"/>
      <testcase name="testTitleSort" class="Tests\Feature\BookListTest" classname="Tests.Feature.BookListTest" file="C:\Users\m.shahriari\Desktop\bookstore\tests\Feature\BookListTest.php" line="140" assertions="4" time="0.132490"/>
      <testcase name="testAvgReviewSort" class="Tests\Feature\BookListTest" classname="Tests.Feature.BookListTest" file="C:\Users\m.shahriari\Desktop\bookstore\tests\Feature\BookListTest.php" line="158" assertions="4" time="0.125478"/>
      <testcase name="testPagination" class="Tests\Feature\BookListTest" classname="Tests.Feature.BookListTest" file="C:\Users\m.shahriari\Desktop\bookstore\tests\Feature\BookListTest.php" line="190" assertions="4" time="0.314944"/>
    </testsuite>
  </testsuite>
</testsuites>
